[2025-05-23T04:14:40.900-0400] {local_task_job_runner.py:123} INFO - ::group::Pre task execution logs
[2025-05-23T04:14:40.905-0400] {taskinstance.py:2614} INFO - Dependencies all met for dep_context=non-requeueable deps ti=<TaskInstance: final_project_pipeline.start_mlflow_ui scheduled__2025-05-22T00:00:00+00:00 [queued]>
[2025-05-23T04:14:40.908-0400] {taskinstance.py:2614} INFO - Dependencies all met for dep_context=requeueable deps ti=<TaskInstance: final_project_pipeline.start_mlflow_ui scheduled__2025-05-22T00:00:00+00:00 [queued]>
[2025-05-23T04:14:40.908-0400] {taskinstance.py:2867} INFO - Starting attempt 1 of 1
[2025-05-23T04:14:40.915-0400] {taskinstance.py:2890} INFO - Executing <Task(BashOperator): start_mlflow_ui> on 2025-05-22 00:00:00+00:00
[2025-05-23T04:14:40.925-0400] {standard_task_runner.py:72} INFO - Started process 1147513 to run task
[2025-05-23T04:14:40.928-0400] {standard_task_runner.py:104} INFO - Running: ['airflow', 'tasks', 'run', 'final_project_pipeline', 'start_mlflow_ui', 'scheduled__2025-05-22T00:00:00+00:00', '--job-id', '18', '--raw', '--subdir', 'DAGS_FOLDER/main_pipeline_dag.py', '--cfg-path', '/tmp/tmpvyivl4l8']
[2025-05-23T04:14:40.929-0400] {standard_task_runner.py:105} INFO - Job 18: Subtask start_mlflow_ui
[2025-05-23T04:14:40.955-0400] {task_command.py:467} INFO - Running <TaskInstance: final_project_pipeline.start_mlflow_ui scheduled__2025-05-22T00:00:00+00:00 [running]> on host Nirbisha.Nirbisha
[2025-05-23T04:14:40.985-0400] {taskinstance.py:3134} INFO - Exporting env vars: AIRFLOW_CTX_DAG_EMAIL='nirbisha.shrestha@mail.bcu.ac.uk' AIRFLOW_CTX_DAG_OWNER='Nirbisha Shrestha' AIRFLOW_CTX_DAG_ID='final_project_pipeline' AIRFLOW_CTX_TASK_ID='start_mlflow_ui' AIRFLOW_CTX_EXECUTION_DATE='2025-05-22T00:00:00+00:00' AIRFLOW_CTX_TRY_NUMBER='1' AIRFLOW_CTX_DAG_RUN_ID='scheduled__2025-05-22T00:00:00+00:00'
[2025-05-23T04:14:40.986-0400] {logging_mixin.py:190} INFO - Task instance is in running state
[2025-05-23T04:14:40.986-0400] {logging_mixin.py:190} INFO -  Previous state of the Task instance: queued
[2025-05-23T04:14:40.986-0400] {logging_mixin.py:190} INFO - Current task name:start_mlflow_ui state:running start_date:2025-05-23 08:14:40.905896+00:00
[2025-05-23T04:14:40.986-0400] {logging_mixin.py:190} INFO - Dag name:final_project_pipeline and current dag run status:running
[2025-05-23T04:14:40.986-0400] {taskinstance.py:732} INFO - ::endgroup::
[2025-05-23T04:14:40.986-0400] {subprocess.py:78} INFO - Tmp dir root location: /tmp
[2025-05-23T04:14:40.987-0400] {subprocess.py:88} INFO - Running command: ['/usr/bin/bash', '-c', '\n        if ! lsof -i:5000; then\n            nohup conda run -n heart_data mlflow ui --host 0.0.0.0 --port 5000 > /tmp/mlflow_ui.log 2>&1 &\n            echo "MLflow UI started"\n        else\n            echo "MLflow UI already running"\n        fi\n        ']
[2025-05-23T04:14:41.000-0400] {subprocess.py:99} INFO - Output:
[2025-05-23T04:14:41.075-0400] {subprocess.py:106} INFO - COMMAND      PID     USER   FD   TYPE  DEVICE SIZE/OFF NODE NAME
[2025-05-23T04:14:41.076-0400] {subprocess.py:106} INFO - python3.8 897802 nirbisha    5u  IPv4 1864083      0t0  TCP localhost:5000 (LISTEN)
[2025-05-23T04:14:41.076-0400] {subprocess.py:106} INFO - python3.8 897804 nirbisha    5u  IPv4 1864083      0t0  TCP localhost:5000 (LISTEN)
[2025-05-23T04:14:41.076-0400] {subprocess.py:106} INFO - python3.8 897805 nirbisha    5u  IPv4 1864083      0t0  TCP localhost:5000 (LISTEN)
[2025-05-23T04:14:41.076-0400] {subprocess.py:106} INFO - python3.8 897806 nirbisha    5u  IPv4 1864083      0t0  TCP localhost:5000 (LISTEN)
[2025-05-23T04:14:41.076-0400] {subprocess.py:106} INFO - python3.8 897807 nirbisha    5u  IPv4 1864083      0t0  TCP localhost:5000 (LISTEN)
[2025-05-23T04:14:41.077-0400] {subprocess.py:106} INFO - MLflow UI already running
[2025-05-23T04:14:41.077-0400] {subprocess.py:110} INFO - Command exited with return code 0
[2025-05-23T04:14:41.088-0400] {taskinstance.py:341} INFO - ::group::Post task execution logs
[2025-05-23T04:14:41.089-0400] {taskinstance.py:353} INFO - Marking task as SUCCESS. dag_id=final_project_pipeline, task_id=start_mlflow_ui, run_id=scheduled__2025-05-22T00:00:00+00:00, execution_date=20250522T000000, start_date=20250523T081440, end_date=20250523T081441
[2025-05-23T04:14:41.100-0400] {logging_mixin.py:190} INFO - Task instance in success state
[2025-05-23T04:14:41.101-0400] {logging_mixin.py:190} INFO -  Previous state of the Task instance: running
[2025-05-23T04:14:41.101-0400] {logging_mixin.py:190} INFO - Dag name:final_project_pipeline queued_at:2025-05-23 08:14:28.518113+00:00
[2025-05-23T04:14:41.101-0400] {logging_mixin.py:190} INFO - Task hostname:Nirbisha.Nirbisha operator:BashOperator
[2025-05-23T04:14:41.142-0400] {local_task_job_runner.py:266} INFO - Task exited with return code 0
[2025-05-23T04:14:41.159-0400] {taskinstance.py:3901} INFO - 0 downstream tasks scheduled from follow-on schedule check
[2025-05-23T04:14:41.163-0400] {local_task_job_runner.py:245} INFO - ::endgroup::
