[2025-05-23T04:14:31.787-0400] {local_task_job_runner.py:123} INFO - ::group::Pre task execution logs
[2025-05-23T04:14:31.792-0400] {taskinstance.py:2614} INFO - Dependencies all met for dep_context=non-requeueable deps ti=<TaskInstance: final_project_pipeline.start_mcs_container scheduled__2025-05-22T00:00:00+00:00 [queued]>
[2025-05-23T04:14:31.799-0400] {taskinstance.py:2614} INFO - Dependencies all met for dep_context=requeueable deps ti=<TaskInstance: final_project_pipeline.start_mcs_container scheduled__2025-05-22T00:00:00+00:00 [queued]>
[2025-05-23T04:14:31.799-0400] {taskinstance.py:2867} INFO - Starting attempt 1 of 1
[2025-05-23T04:14:31.807-0400] {taskinstance.py:2890} INFO - Executing <Task(BashOperator): start_mcs_container> on 2025-05-22 00:00:00+00:00
[2025-05-23T04:14:31.820-0400] {standard_task_runner.py:72} INFO - Started process 1147400 to run task
[2025-05-23T04:14:31.825-0400] {standard_task_runner.py:104} INFO - Running: ['airflow', 'tasks', 'run', 'final_project_pipeline', 'start_mcs_container', 'scheduled__2025-05-22T00:00:00+00:00', '--job-id', '16', '--raw', '--subdir', 'DAGS_FOLDER/main_pipeline_dag.py', '--cfg-path', '/tmp/tmp4225lr4x']
[2025-05-23T04:14:31.826-0400] {standard_task_runner.py:105} INFO - Job 16: Subtask start_mcs_container
[2025-05-23T04:14:31.890-0400] {task_command.py:467} INFO - Running <TaskInstance: final_project_pipeline.start_mcs_container scheduled__2025-05-22T00:00:00+00:00 [running]> on host Nirbisha.Nirbisha
[2025-05-23T04:14:31.988-0400] {taskinstance.py:3134} INFO - Exporting env vars: AIRFLOW_CTX_DAG_EMAIL='nirbisha.shrestha@mail.bcu.ac.uk' AIRFLOW_CTX_DAG_OWNER='Nirbisha Shrestha' AIRFLOW_CTX_DAG_ID='final_project_pipeline' AIRFLOW_CTX_TASK_ID='start_mcs_container' AIRFLOW_CTX_EXECUTION_DATE='2025-05-22T00:00:00+00:00' AIRFLOW_CTX_TRY_NUMBER='1' AIRFLOW_CTX_DAG_RUN_ID='scheduled__2025-05-22T00:00:00+00:00'
[2025-05-23T04:14:31.990-0400] {logging_mixin.py:190} INFO - Task instance is in running state
[2025-05-23T04:14:31.991-0400] {logging_mixin.py:190} INFO -  Previous state of the Task instance: queued
[2025-05-23T04:14:31.991-0400] {logging_mixin.py:190} INFO - Current task name:start_mcs_container state:running start_date:2025-05-23 08:14:31.792955+00:00
[2025-05-23T04:14:31.991-0400] {logging_mixin.py:190} INFO - Dag name:final_project_pipeline and current dag run status:running
[2025-05-23T04:14:31.992-0400] {taskinstance.py:732} INFO - ::endgroup::
[2025-05-23T04:14:31.993-0400] {subprocess.py:78} INFO - Tmp dir root location: /tmp
[2025-05-23T04:14:31.994-0400] {subprocess.py:88} INFO - Running command: ['/usr/bin/bash', '-c', 'docker start mcs_container']
[2025-05-23T04:14:32.018-0400] {subprocess.py:99} INFO - Output:
[2025-05-23T04:14:32.294-0400] {subprocess.py:106} INFO - mcs_container
[2025-05-23T04:14:32.295-0400] {subprocess.py:110} INFO - Command exited with return code 0
[2025-05-23T04:14:32.317-0400] {taskinstance.py:341} INFO - ::group::Post task execution logs
[2025-05-23T04:14:32.317-0400] {taskinstance.py:353} INFO - Marking task as SUCCESS. dag_id=final_project_pipeline, task_id=start_mcs_container, run_id=scheduled__2025-05-22T00:00:00+00:00, execution_date=20250522T000000, start_date=20250523T081431, end_date=20250523T081432
[2025-05-23T04:14:32.329-0400] {logging_mixin.py:190} INFO - Task instance in success state
[2025-05-23T04:14:32.329-0400] {logging_mixin.py:190} INFO -  Previous state of the Task instance: running
[2025-05-23T04:14:32.329-0400] {logging_mixin.py:190} INFO - Dag name:final_project_pipeline queued_at:2025-05-23 08:14:28.518113+00:00
[2025-05-23T04:14:32.329-0400] {logging_mixin.py:190} INFO - Task hostname:Nirbisha.Nirbisha operator:BashOperator
[2025-05-23T04:14:32.368-0400] {local_task_job_runner.py:266} INFO - Task exited with return code 0
[2025-05-23T04:14:32.416-0400] {taskinstance.py:3901} INFO - 0 downstream tasks scheduled from follow-on schedule check
[2025-05-23T04:14:32.417-0400] {local_task_job_runner.py:245} INFO - ::endgroup::
